<?xml version="1.0" encoding="UTF-8"?>
<!-- Generated by org.testng.reporters.JUnitReportReporter -->
<testsuite hostname="DESKTOP-DJ2UDQL" name="com.costuco.testCases.TC_LoginTest_001" tests="1" failures="0" timestamp="8 Jan 2020 05:38:34 GMT" time="19.519" errors="0">
  <testcase name="loginTest" time="19.519" classname="com.costuco.testCases.TC_LoginTest_001"/>
</testsuite> <!-- com.costuco.testCases.TC_LoginTest_001 -->
